
From: whistle@1.13.1
Node: v10.5.0
Date: 2019/4/15 下午3:15:46
Error: listen EADDRINUSE :::8899
    at Server.setupListenHandle [as _listen2] (net.js:1328:14)
    at listenInCluster (net.js:1376:12)
    at Server.listen (net.js:1463:7)
    at proxy (/usr/local/lib/node_modules/whistle/lib/index.js:77:12)
    at module.exports (/usr/local/lib/node_modules/whistle/index.js:79:26)
    at Command.<anonymous> (/usr/local/lib/node_modules/whistle/node_modules/starting/lib/bootstrap.js:10:5)
    at Command.listener (/usr/local/lib/node_modules/whistle/node_modules/commander/index.js:289:8)
    at Command.emit (events.js:182:13)
    at Command.parseArgs (/usr/local/lib/node_modules/whistle/node_modules/commander/index.js:572:12)
    at Command.parse (/usr/local/lib/node_modules/whistle/node_modules/commander/index.js:438:21)

From: whistle@1.13.1
Node: v10.5.0
Date: 2019/4/15 下午4:21:29
Error: listen EADDRINUSE :::8899
    at Server.setupListenHandle [as _listen2] (net.js:1328:14)
    at listenInCluster (net.js:1376:12)
    at Server.listen (net.js:1463:7)
    at proxy (/usr/local/lib/node_modules/whistle/lib/index.js:77:12)
    at module.exports (/usr/local/lib/node_modules/whistle/index.js:79:26)
    at Command.<anonymous> (/usr/local/lib/node_modules/whistle/node_modules/starting/lib/bootstrap.js:10:5)
    at Command.listener (/usr/local/lib/node_modules/whistle/node_modules/commander/index.js:289:8)
    at Command.emit (events.js:182:13)
    at Command.parseArgs (/usr/local/lib/node_modules/whistle/node_modules/commander/index.js:572:12)
    at Command.parse (/usr/local/lib/node_modules/whistle/node_modules/commander/index.js:438:21)
